{"timestamp":"2025-01-23T04:13:42.697Z","level":"debug","message":"Interpreting weekend","operationId":"no-op-id","context":{"referenceDate":"2024-03-14T20:00:00.000+08:00","currentDay":4,"daysToSaturday":2,"offset":0,"start":"2024-03-16T00:00:00.000+08:00","end":"2024-03-17T23:59:59.999+08:00","timezone":"Asia/Makassar"}}
{"timestamp":"2025-01-23T04:13:42.717Z","level":"debug","message":"Interpreting weekend","operationId":"no-op-id","context":{"referenceDate":"2024-03-14T20:00:00.000+08:00","currentDay":4,"daysToSaturday":9,"offset":1,"start":"2024-03-23T00:00:00.000+08:00","end":"2024-03-24T23:59:59.999+08:00","timezone":"Asia/Makassar"}}
{"timestamp":"2025-01-23T04:13:42.718Z","level":"debug","message":"Interpreting weekend","operationId":"no-op-id","context":{"referenceDate":"2024-03-14T20:00:00.000+08:00","currentDay":4,"daysToSaturday":2,"offset":0,"start":"2024-03-16T00:00:00.000+08:00","end":"2024-03-17T23:59:59.999+08:00","timezone":"Asia/Makassar"}}
{"timestamp":"2025-01-23T04:13:42.719Z","level":"debug","message":"Interpreting weekend","operationId":"no-op-id","context":{"referenceDate":"2024-03-14T20:00:00.000+08:00","currentDay":4,"daysToSaturday":9,"offset":1,"start":"2024-03-23T00:00:00.000+08:00","end":"2024-03-24T23:59:59.999+08:00","timezone":"Asia/Makassar"}}
{"timestamp":"2025-01-23T04:13:42.695Z","level":"debug","message":"Parsing partial month","operationId":"no-op-id","context":{"matches":["early march","early","march"],"preferences":{"referenceDate":"2024-03-14T20:00:00.000+08:00"}}}
{"timestamp":"2025-01-23T04:13:42.707Z","level":"debug","message":"Using timezone","operationId":"no-op-id","context":{"targetZone":"UTC"}}
{"timestamp":"2025-01-23T04:13:42.708Z","level":"debug","message":"Created dates","operationId":"no-op-id","context":{"start":"2024-03-01T00:00:00.000Z","end":"2024-03-10T23:59:59.999Z"}}
{"timestamp":"2025-01-23T04:13:42.709Z","level":"debug","message":"Parsing partial month","operationId":"no-op-id","context":{"matches":["mid march","mid","march"],"preferences":{"referenceDate":"2024-03-14T20:00:00.000+08:00"}}}
{"timestamp":"2025-01-23T04:13:42.711Z","level":"debug","message":"Using timezone","operationId":"no-op-id","context":{"targetZone":"UTC"}}
{"timestamp":"2025-01-23T04:13:42.711Z","level":"debug","message":"Created dates","operationId":"no-op-id","context":{"start":"2024-03-11T00:00:00.000Z","end":"2024-03-20T23:59:59.999Z"}}
{"timestamp":"2025-01-23T04:13:42.712Z","level":"debug","message":"Parsing partial month","operationId":"no-op-id","context":{"matches":["late march","late","march"],"preferences":{"referenceDate":"2024-03-14T20:00:00.000+08:00"}}}
{"timestamp":"2025-01-23T04:13:42.712Z","level":"debug","message":"Using timezone","operationId":"no-op-id","context":{"targetZone":"UTC"}}
{"timestamp":"2025-01-23T04:13:42.713Z","level":"debug","message":"Created dates","operationId":"no-op-id","context":{"start":"2024-03-21T00:00:00.000Z","end":"2024-03-31T23:59:59.999Z"}}
{"timestamp":"2025-01-23T04:13:42.714Z","level":"debug","message":"Parsing partial month","operationId":"no-op-id","context":{"matches":["early march","early","march"],"preferences":{"referenceDate":"2024-03-14T20:00:00.000+08:00","timeZone":"America/New_York"}}}
{"timestamp":"2025-01-23T04:13:42.714Z","level":"debug","message":"Using timezone","operationId":"no-op-id","context":{"targetZone":"America/New_York"}}
{"timestamp":"2025-01-23T04:13:42.715Z","level":"debug","message":"Created dates","operationId":"no-op-id","context":{"start":"2024-03-01T00:00:00.000-05:00","end":"2024-03-10T23:59:59.999-04:00"}}
{"timestamp":"2025-01-23T04:13:42.719Z","level":"debug","message":"Parsing partial month","operationId":"no-op-id","context":{"matches":["early march","early","march"],"preferences":{"referenceDate":"2024-03-14T20:00:00.000+08:00","timeZone":"Asia/Tokyo"}}}
{"timestamp":"2025-01-23T04:13:42.719Z","level":"debug","message":"Using timezone","operationId":"no-op-id","context":{"targetZone":"Asia/Tokyo"}}
{"timestamp":"2025-01-23T04:13:42.720Z","level":"debug","message":"Created dates","operationId":"no-op-id","context":{"start":"2024-03-01T00:00:00.000+09:00","end":"2024-03-10T23:59:59.999+09:00"}}
{"timestamp":"2025-01-23T04:13:42.713Z","level":"debug","message":"Rule match component:","operationId":"no-op-id","context":{"ruleName":"mock-rule","componentType":"date","span":{"start":0,"end":4},"confidence":1,"value":"2025-01-21T00:22:39.609Z"}}
{"timestamp":"2025-01-23T04:13:42.727Z","level":"debug","message":"Rule match attempt","operationId":"no-op-id","context":{"ruleName":"mock-rule","input":"test","matched":true}}
{"timestamp":"2025-01-23T04:13:42.727Z","level":"debug","message":"Rule match component:","operationId":"no-op-id","context":{"ruleName":"mock-rule","componentType":"date","span":{"start":0,"end":4},"confidence":1,"value":"2025-01-23T04:13:42.727Z"}}
{"timestamp":"2025-01-23T04:13:42.728Z","level":"debug","message":"Parse complete","operationId":"no-op-id","context":{"input":"test","matchAttempts":[{"ruleName":"mock-rule","input":"test","matched":true}]}}
{"timestamp":"2025-01-23T04:13:42.722Z","level":"debug","message":"Rule match component:","operationId":"no-op-id","context":{"ruleName":"absolute-dates","componentType":"date","span":{"start":0,"end":10},"confidence":1,"value":"2024-03-20T00:00:00.000Z"}}
{"timestamp":"2025-01-23T04:13:42.730Z","level":"debug","message":"Rule match component:","operationId":"no-op-id","context":{"ruleName":"absolute-dates","componentType":"date","span":{"start":0,"end":10},"confidence":1,"value":"2024-03-20T00:00:00.000Z"}}
{"timestamp":"2025-01-23T04:13:42.732Z","level":"debug","message":"Rule match component:","operationId":"no-op-id","context":{"ruleName":"absolute-dates","componentType":"date","span":{"start":0,"end":10},"confidence":1,"value":"2024-03-20T00:00:00.000Z"}}
{"timestamp":"2025-01-23T04:13:42.733Z","level":"debug","message":"Rule match component:","operationId":"no-op-id","context":{"ruleName":"absolute-dates","componentType":"date","span":{"start":0,"end":16},"confidence":1,"value":"2024-03-20T15:30:00.000Z"}}
{"timestamp":"2025-01-23T04:13:42.740Z","level":"debug","message":"Rule match component:","operationId":"no-op-id","context":{"ruleName":"absolute-dates","componentType":"date","span":{"start":0,"end":16},"confidence":1,"value":"2024-03-20T15:30:00.000Z"}}
{"timestamp":"2025-01-23T04:13:42.777Z","level":"debug","message":"Parsing time string","operationId":"no-op-id","context":{"timeStr":"14:30","options":{}}}
{"timestamp":"2025-01-23T04:13:42.799Z","level":"debug","message":"Parsing time string","operationId":"no-op-id","context":{"timeStr":"14:30:45","options":{}}}
{"timestamp":"2025-01-23T04:13:42.800Z","level":"debug","message":"Parsing time string","operationId":"no-op-id","context":{"timeStr":"14:30Z","options":{}}}
{"timestamp":"2025-01-23T04:13:42.801Z","level":"debug","message":"Parsing time string","operationId":"no-op-id","context":{"timeStr":"14:30+02:00","options":{}}}
{"timestamp":"2025-01-23T04:13:42.802Z","level":"debug","message":"Parsing time string","operationId":"no-op-id","context":{"timeStr":"14:30-05:00","options":{}}}
{"timestamp":"2025-01-23T04:13:42.807Z","level":"debug","message":"Parsing time string","operationId":"no-op-id","context":{"timeStr":"9:30 AM","options":{"allow12Hour":true}}}
{"timestamp":"2025-01-23T04:13:42.808Z","level":"debug","message":"Parsing time string","operationId":"no-op-id","context":{"timeStr":"2:30 PM","options":{"allow12Hour":true}}}
{"timestamp":"2025-01-23T04:13:42.809Z","level":"debug","message":"Parsing time string","operationId":"no-op-id","context":{"timeStr":"12:00 AM","options":{"allow12Hour":true}}}
{"timestamp":"2025-01-23T04:13:42.809Z","level":"debug","message":"Parsing time string","operationId":"no-op-id","context":{"timeStr":"12:00 PM","options":{"allow12Hour":true}}}
{"timestamp":"2025-01-23T04:13:42.810Z","level":"debug","message":"Parsing time string","operationId":"no-op-id","context":{"timeStr":"2:30 PM +02:00","options":{"allow12Hour":true}}}
{"timestamp":"2025-01-23T04:13:42.810Z","level":"debug","message":"Parsing time string","operationId":"no-op-id","context":{"timeStr":"24:00","options":{}}}
{"timestamp":"2025-01-23T04:13:42.811Z","level":"debug","message":"Parsing time string","operationId":"no-op-id","context":{"timeStr":"13:00 PM","options":{"allow12Hour":true}}}
{"timestamp":"2025-01-23T04:13:42.811Z","level":"debug","message":"Parsing time string","operationId":"no-op-id","context":{"timeStr":"12:60","options":{}}}
{"timestamp":"2025-01-23T04:13:42.811Z","level":"debug","message":"Parsing time string","operationId":"no-op-id","context":{"timeStr":"12:00:60","options":{}}}
{"timestamp":"2025-01-23T04:13:42.812Z","level":"debug","message":"Parsing time string","operationId":"no-op-id","context":{"timeStr":"12:00+15:00","options":{}}}
{"timestamp":"2025-01-23T04:13:42.812Z","level":"debug","message":"Parsing time string","operationId":"no-op-id","context":{"timeStr":"12:00+00:60","options":{}}}
{"timestamp":"2025-01-23T04:13:42.782Z","level":"debug","message":"Rule match component:","operationId":"no-op-id","context":{"ruleName":"absolute-dates","componentType":"date","span":{"start":0,"end":10},"confidence":1,"value":"2024-03-20T00:00:00.000Z"}}
{"timestamp":"2025-01-23T04:13:42.792Z","level":"debug","message":"Rule match component:","operationId":"no-op-id","context":{"ruleName":"absolute-dates","componentType":"date","span":{"start":0,"end":10},"confidence":1,"value":"2024-03-20T00:00:00.000Z"}}
{"timestamp":"2025-01-23T04:13:42.793Z","level":"debug","message":"Rule match component:","operationId":"no-op-id","context":{"ruleName":"date-only","componentType":"date","span":{"start":0,"end":10},"confidence":1,"value":"2024-03-20T00:00:00.000+08:00"}}
{"timestamp":"2025-01-23T04:13:42.799Z","level":"debug","message":"Rule match component:","operationId":"no-op-id","context":{"ruleName":"absolute-dates","componentType":"date","span":{"start":0,"end":10},"confidence":1,"value":"2024-03-20T00:00:00.000Z"}}
{"timestamp":"2025-01-23T04:13:42.803Z","level":"debug","message":"Rule match component:","operationId":"no-op-id","context":{"ruleName":"absolute-dates","componentType":"date","span":{"start":0,"end":21},"confidence":1,"value":"2024-03-20T15:30:00.000Z"}}
{"timestamp":"2025-01-23T04:13:42.804Z","level":"debug","message":"Rule match component:","operationId":"no-op-id","context":{"ruleName":"time-only","componentType":"time","span":{"start":11,"end":21},"confidence":1,"value":"2024-03-14T15:30:00.000Z"}}
{"timestamp":"2025-01-23T04:13:42.806Z","level":"debug","message":"Rule match component:","operationId":"no-op-id","context":{"ruleName":"absolute-dates","componentType":"date","span":{"start":0,"end":19},"confidence":1,"value":"2024-03-20T15:30:00.000Z"}}
{"timestamp":"2025-01-23T04:13:42.806Z","level":"debug","message":"Rule match component:","operationId":"no-op-id","context":{"ruleName":"time-only","componentType":"time","span":{"start":11,"end":19},"confidence":1,"value":"2024-03-14T15:30:00.000Z"}}
{"timestamp":"2025-01-23T04:13:42.807Z","level":"debug","message":"Rule match component:","operationId":"no-op-id","context":{"ruleName":"time-only","componentType":"time","span":{"start":0,"end":7},"confidence":1,"value":"2024-03-14T15:30:00.000Z"}}
{"timestamp":"2025-01-23T04:13:42.809Z","level":"debug","message":"Rule match component:","operationId":"no-op-id","context":{"ruleName":"time-only","componentType":"time","span":{"start":0,"end":7},"confidence":1,"value":"2024-03-14T12:00:00.000Z"}}
{"timestamp":"2025-01-23T04:13:42.809Z","level":"debug","message":"Rule match component:","operationId":"no-op-id","context":{"ruleName":"time-only","componentType":"time","span":{"start":0,"end":11},"confidence":1,"value":"2024-03-14T00:00:00.000Z"}}
{"timestamp":"2025-01-23T04:13:42.810Z","level":"debug","message":"Rule match component:","operationId":"no-op-id","context":{"ruleName":"time-of-day","componentType":"range","span":{"start":6,"end":11},"confidence":1,"value":{"start":"2024-03-14T21:00:00.000Z","end":"2024-03-15T06:00:00.000Z"}}}
{"timestamp":"2025-01-23T04:13:42.811Z","level":"debug","message":"Rule match component:","operationId":"no-op-id","context":{"ruleName":"relative-days","componentType":"date","span":{"start":0,"end":5},"confidence":1,"value":"2024-03-14T12:00:00.000Z"}}
{"timestamp":"2025-01-23T04:13:42.811Z","level":"debug","message":"Rule match component:","operationId":"no-op-id","context":{"ruleName":"relative-days","componentType":"date","span":{"start":0,"end":8},"confidence":1,"value":"2024-03-15T12:00:00.000Z"}}
{"timestamp":"2025-01-23T04:13:42.812Z","level":"debug","message":"Rule match component:","operationId":"no-op-id","context":{"ruleName":"relative-days","componentType":"date","span":{"start":0,"end":9},"confidence":1,"value":"2024-03-13T12:00:00.000Z"}}
{"timestamp":"2025-01-23T04:13:42.813Z","level":"debug","message":"Rule match component:","operationId":"no-op-id","context":{"ruleName":"relative-days","componentType":"date","span":{"start":0,"end":10},"confidence":1,"value":"2024-03-11T12:00:00.000Z"}}
{"timestamp":"2025-01-23T04:13:42.817Z","level":"debug","message":"Rule match component:","operationId":"no-op-id","context":{"ruleName":"relative-days","componentType":"date","span":{"start":0,"end":15},"confidence":1,"value":"2024-03-17T12:00:00.000Z"}}
{"timestamp":"2025-01-23T04:13:42.817Z","level":"debug","message":"Parsing ordinal day","operationId":"no-op-id","context":{"matches":["1st of March","1","March",null]}}
{"timestamp":"2025-01-23T04:13:42.818Z","level":"debug","message":"Rule match component:","operationId":"no-op-id","context":{"ruleName":"ordinal-days","componentType":"date","span":{"start":0,"end":12},"confidence":1,"value":"2024-03-01T00:00:00.000Z"}}
{"timestamp":"2025-01-23T04:13:42.819Z","level":"debug","message":"Parsing ordinal day","operationId":"no-op-id","context":{"matches":["15th of March","15","March",null]}}
{"timestamp":"2025-01-23T04:13:42.819Z","level":"debug","message":"Rule match component:","operationId":"no-op-id","context":{"ruleName":"ordinal-days","componentType":"date","span":{"start":0,"end":13},"confidence":1,"value":"2024-03-15T00:00:00.000Z"}}
{"timestamp":"2025-01-23T04:13:42.821Z","level":"debug","message":"Rule match component:","operationId":"no-op-id","context":{"ruleName":"fuzzy-ranges","componentType":"range","span":{"start":0,"end":18},"confidence":1,"value":{"start":"2024-03-01T00:00:00.000Z","end":"2024-03-10T23:59:59.999Z"}}}
{"timestamp":"2025-01-23T04:13:42.821Z","level":"debug","message":"Rule match component:","operationId":"no-op-id","context":{"ruleName":"fuzzy-ranges","componentType":"range","span":{"start":0,"end":15},"confidence":1,"value":{"start":"2024-03-11T00:00:00.000Z","end":"2024-03-20T23:59:59.999Z"}}}
{"timestamp":"2025-01-23T04:13:42.822Z","level":"debug","message":"Rule match component:","operationId":"no-op-id","context":{"ruleName":"fuzzy-ranges","componentType":"range","span":{"start":0,"end":12},"confidence":1,"value":{"start":"2024-03-21T00:00:00.000Z","end":"2024-03-31T23:59:59.999Z"}}}
{"timestamp":"2025-01-23T04:13:42.823Z","level":"debug","message":"Rule match component:","operationId":"no-op-id","context":{"ruleName":"ordinal-weeks","componentType":"range","span":{"start":0,"end":19},"confidence":1,"value":{"start":"2024-03-04T00:00:00.000Z","end":"2024-03-10T23:59:59.999Z"}}}
{"timestamp":"2025-01-23T04:13:42.823Z","level":"debug","message":"Rule match component:","operationId":"no-op-id","context":{"ruleName":"ordinal-weeks","componentType":"range","span":{"start":0,"end":18},"confidence":1,"value":{"start":"2024-03-25T00:00:00.000Z","end":"2024-03-31T23:59:59.999Z"}}}
{"timestamp":"2025-01-23T04:13:42.824Z","level":"debug","message":"Rule match component:","operationId":"no-op-id","context":{"ruleName":"time-only","componentType":"time","span":{"start":0,"end":7},"confidence":1,"value":"2024-03-14T15:30:00.000Z"}}
{"timestamp":"2025-01-23T04:13:42.824Z","level":"debug","message":"Parsing time string","operationId":"no-op-id","context":{"timeStr":"3:30 PM","options":{"allow12Hour":true}}}
{"timestamp":"2025-01-23T04:13:42.826Z","level":"debug","message":"Parsing time string","operationId":"no-op-id","context":{"timeStr":"5:00 PM","options":{"allow12Hour":true}}}
{"timestamp":"2025-01-23T04:13:42.827Z","level":"debug","message":"Rule match component:","operationId":"no-op-id","context":{"ruleName":"time-ranges","componentType":"range","span":{"start":0,"end":18},"confidence":1,"value":{"start":"2024-03-14T15:30:00.000+08:00","end":"2024-03-14T17:00:59.999+08:00"}}}
{"timestamp":"2025-01-23T04:13:42.836Z","level":"debug","message":"Rule match attempt","operationId":"no-op-id","context":{"ruleName":"absolute-dates","input":"next tuesday from 3pm to 5pm","matched":false}}
{"timestamp":"2025-01-23T04:13:42.837Z","level":"debug","message":"Rule match attempt","operationId":"no-op-id","context":{"ruleName":"absolute-dates","input":"next tuesday from 3pm to 5pm","matched":false}}
{"timestamp":"2025-01-23T04:13:42.837Z","level":"debug","message":"Rule match attempt","operationId":"no-op-id","context":{"ruleName":"absolute-dates","input":"next tuesday from 3pm to 5pm","matched":false}}
{"timestamp":"2025-01-23T04:13:42.837Z","level":"debug","message":"Rule match attempt","operationId":"no-op-id","context":{"ruleName":"date-only","input":"next tuesday from 3pm to 5pm","matched":false}}
{"timestamp":"2025-01-23T04:13:42.837Z","level":"debug","message":"Rule match attempt","operationId":"no-op-id","context":{"ruleName":"time-only","input":"next tuesday from 3pm to 5pm","matched":false}}
{"timestamp":"2025-01-23T04:13:42.837Z","level":"debug","message":"Rule match attempt","operationId":"no-op-id","context":{"ruleName":"time-only","input":" 3pm ","matched":true}}
{"timestamp":"2025-01-23T04:13:42.838Z","level":"debug","message":"Rule match component:","operationId":"no-op-id","context":{"ruleName":"time-only","componentType":"time","span":{"start":18,"end":21},"confidence":1,"value":"2024-03-14T15:00:00.000Z"}}
{"timestamp":"2025-01-23T04:13:42.840Z","level":"debug","message":"Rule match attempt","operationId":"no-op-id","context":{"ruleName":"time-only","input":"next tuesday from 3pm to 5pm","matched":false}}
{"timestamp":"2025-01-23T04:13:42.840Z","level":"debug","message":"Rule match attempt","operationId":"no-op-id","context":{"ruleName":"time-only","input":"next tuesday from 3pm to 5pm","matched":false}}
{"timestamp":"2025-01-23T04:13:42.841Z","level":"debug","message":"Rule match attempt","operationId":"no-op-id","context":{"ruleName":"time-ranges","input":"from 3pm to 5pm","matched":true}}
{"timestamp":"2025-01-23T04:13:42.841Z","level":"debug","message":"Parsing time string","operationId":"no-op-id","context":{"timeStr":"3pm","options":{"allow12Hour":true}}}
{"timestamp":"2025-01-23T04:13:42.841Z","level":"debug","message":"Parsing time string","operationId":"no-op-id","context":{"timeStr":"5pm","options":{"allow12Hour":true}}}
{"timestamp":"2025-01-23T04:13:42.842Z","level":"debug","message":"Rule match component:","operationId":"no-op-id","context":{"ruleName":"time-ranges","componentType":"range","span":{"start":13,"end":28},"confidence":1,"value":{"start":"2024-03-14T15:00:00.000+08:00","end":"2024-03-14T17:00:59.999+08:00"}}}
{"timestamp":"2025-01-23T04:13:42.845Z","level":"debug","message":"Rule match attempt","operationId":"no-op-id","context":{"ruleName":"time-ranges","input":"next tuesday from 3pm to 5pm","matched":false}}
{"timestamp":"2025-01-23T04:13:42.845Z","level":"debug","message":"Rule match attempt","operationId":"no-op-id","context":{"ruleName":"time-of-day","input":"next tuesday from 3pm to 5pm","matched":false}}
{"timestamp":"2025-01-23T04:13:42.845Z","level":"debug","message":"Rule match attempt","operationId":"no-op-id","context":{"ruleName":"relative-days","input":"next tuesday from 3pm to 5pm","matched":false}}
{"timestamp":"2025-01-23T04:13:42.845Z","level":"debug","message":"Rule match attempt","operationId":"no-op-id","context":{"ruleName":"relative-days","input":"next tuesday from 3pm to 5pm","matched":false}}
{"timestamp":"2025-01-23T04:13:42.846Z","level":"debug","message":"Rule match attempt","operationId":"no-op-id","context":{"ruleName":"relative-days","input":"next tuesday from 3pm to 5pm","matched":false}}
{"timestamp":"2025-01-23T04:13:42.846Z","level":"debug","message":"Rule match attempt","operationId":"no-op-id","context":{"ruleName":"relative-days","input":"next tuesday from 3pm to 5pm","matched":false}}
{"timestamp":"2025-01-23T04:13:42.846Z","level":"debug","message":"Rule match attempt","operationId":"no-op-id","context":{"ruleName":"relative-days","input":"next tuesday from 3pm to 5pm","matched":false}}
{"timestamp":"2025-01-23T04:13:42.846Z","level":"debug","message":"Rule match attempt","operationId":"no-op-id","context":{"ruleName":"relative-days","input":"next tuesday from 3pm to 5pm","matched":false}}
{"timestamp":"2025-01-23T04:13:42.846Z","level":"debug","message":"Rule match attempt","operationId":"no-op-id","context":{"ruleName":"relative-days","input":"next tuesday from 3pm to 5pm","matched":false}}
{"timestamp":"2025-01-23T04:13:42.847Z","level":"debug","message":"Rule match attempt","operationId":"no-op-id","context":{"ruleName":"relative-days","input":"next tuesday from 3pm to 5pm","matched":false}}
{"timestamp":"2025-01-23T04:13:42.847Z","level":"debug","message":"Rule match attempt","operationId":"no-op-id","context":{"ruleName":"relative-days","input":"next tuesday ","matched":true}}
{"timestamp":"2025-01-23T04:13:42.847Z","level":"debug","message":"Rule match component:","operationId":"no-op-id","context":{"ruleName":"relative-days","componentType":"date","span":{"start":0,"end":12},"confidence":1,"value":"2024-03-19T12:00:00.000Z"}}
{"timestamp":"2025-01-23T04:13:42.847Z","level":"debug","message":"Rule match attempt","operationId":"no-op-id","context":{"ruleName":"ordinal-days","input":"next tuesday from 3pm to 5pm","matched":false}}
{"timestamp":"2025-01-23T04:13:42.848Z","level":"debug","message":"Rule match attempt","operationId":"no-op-id","context":{"ruleName":"ordinal-days","input":"next tuesday from 3pm to 5pm","matched":false}}
{"timestamp":"2025-01-23T04:13:42.848Z","level":"debug","message":"Rule match attempt","operationId":"no-op-id","context":{"ruleName":"partial-month","input":"next tuesday from 3pm to 5pm","matched":false}}
{"timestamp":"2025-01-23T04:13:42.848Z","level":"debug","message":"Rule match attempt","operationId":"no-op-id","context":{"ruleName":"ordinal-weeks","input":"next tuesday from 3pm to 5pm","matched":false}}
{"timestamp":"2025-01-23T04:13:42.848Z","level":"debug","message":"Rule match attempt","operationId":"no-op-id","context":{"ruleName":"relative-weeks","input":"next tuesday from 3pm to 5pm","matched":false}}
{"timestamp":"2025-01-23T04:13:42.848Z","level":"debug","message":"Rule match attempt","operationId":"no-op-id","context":{"ruleName":"relative-weeks","input":"next tuesday from 3pm to 5pm","matched":false}}
{"timestamp":"2025-01-23T04:13:42.849Z","level":"debug","message":"Rule match attempt","operationId":"no-op-id","context":{"ruleName":"relative-weeks","input":"next tuesday from 3pm to 5pm","matched":false}}
{"timestamp":"2025-01-23T04:13:42.849Z","level":"debug","message":"Rule match attempt","operationId":"no-op-id","context":{"ruleName":"relative-weeks","input":"next tuesday from 3pm to 5pm","matched":false}}
{"timestamp":"2025-01-23T04:13:42.849Z","level":"debug","message":"Rule match attempt","operationId":"no-op-id","context":{"ruleName":"fuzzy-ranges","input":"next tuesday from 3pm to 5pm","matched":false}}
{"timestamp":"2025-01-23T04:13:42.849Z","level":"debug","message":"Rule match attempt","operationId":"no-op-id","context":{"ruleName":"fuzzy-ranges","input":"next tuesday from 3pm to 5pm","matched":false}}
{"timestamp":"2025-01-23T04:13:42.849Z","level":"debug","message":"Rule match attempt","operationId":"no-op-id","context":{"ruleName":"fuzzy-ranges","input":"next tuesday from 3pm to 5pm","matched":false}}
{"timestamp":"2025-01-23T04:13:42.850Z","level":"debug","message":"Rule match attempt","operationId":"no-op-id","context":{"ruleName":"fuzzy-ranges","input":"next tuesday from 3pm to 5pm","matched":false}}
{"timestamp":"2025-01-23T04:13:42.850Z","level":"debug","message":"Rule match attempt","operationId":"no-op-id","context":{"ruleName":"fuzzy-ranges","input":"next tuesday from 3pm to 5pm","matched":false}}
{"timestamp":"2025-01-23T04:13:42.850Z","level":"debug","message":"Rule match attempt","operationId":"no-op-id","context":{"ruleName":"fuzzy-ranges","input":"next tuesday from 3pm to 5pm","matched":false}}
{"timestamp":"2025-01-23T04:13:42.851Z","level":"debug","message":"Rule match attempt","operationId":"no-op-id","context":{"ruleName":"fuzzy-ranges","input":"next tuesday from 3pm to 5pm","matched":false}}
{"timestamp":"2025-01-23T04:13:42.851Z","level":"debug","message":"Parse complete","operationId":"no-op-id","context":{"input":"next tuesday from 3pm to 5pm","matchAttempts":[{"ruleName":"absolute-dates","input":"next tuesday from 3pm to 5pm","matched":false},{"ruleName":"absolute-dates","input":"next tuesday from 3pm to 5pm","matched":false},{"ruleName":"absolute-dates","input":"next tuesday from 3pm to 5pm","matched":false},{"ruleName":"date-only","input":"next tuesday from 3pm to 5pm","matched":false},{"ruleName":"time-only","input":"next tuesday from 3pm to 5pm","matched":false},{"ruleName":"time-only","input":" 3pm ","matched":true},{"ruleName":"time-only","input":"next tuesday from 3pm to 5pm","matched":false},{"ruleName":"time-only","input":"next tuesday from 3pm to 5pm","matched":false},{"ruleName":"time-ranges","input":"from 3pm to 5pm","matched":true},{"ruleName":"time-ranges","input":"next tuesday from 3pm to 5pm","matched":false},{"ruleName":"time-of-day","input":"next tuesday from 3pm to 5pm","matched":false},{"ruleName":"relative-days","input":"next tuesday from 3pm to 5pm","matched":false},{"ruleName":"relative-days","input":"next tuesday from 3pm to 5pm","matched":false},{"ruleName":"relative-days","input":"next tuesday from 3pm to 5pm","matched":false},{"ruleName":"relative-days","input":"next tuesday from 3pm to 5pm","matched":false},{"ruleName":"relative-days","input":"next tuesday from 3pm to 5pm","matched":false},{"ruleName":"relative-days","input":"next tuesday from 3pm to 5pm","matched":false},{"ruleName":"relative-days","input":"next tuesday from 3pm to 5pm","matched":false},{"ruleName":"relative-days","input":"next tuesday from 3pm to 5pm","matched":false},{"ruleName":"relative-days","input":"next tuesday ","matched":true},{"ruleName":"ordinal-days","input":"next tuesday from 3pm to 5pm","matched":false},{"ruleName":"ordinal-days","input":"next tuesday from 3pm to 5pm","matched":false},{"ruleName":"partial-month","input":"next tuesday from 3pm to 5pm","matched":false},{"ruleName":"ordinal-weeks","input":"next tuesday from 3pm to 5pm","matched":false},{"ruleName":"relative-weeks","input":"next tuesday from 3pm to 5pm","matched":false},{"ruleName":"relative-weeks","input":"next tuesday from 3pm to 5pm","matched":false},{"ruleName":"relative-weeks","input":"next tuesday from 3pm to 5pm","matched":false},{"ruleName":"relative-weeks","input":"next tuesday from 3pm to 5pm","matched":false},{"ruleName":"fuzzy-ranges","input":"next tuesday from 3pm to 5pm","matched":false},{"ruleName":"fuzzy-ranges","input":"next tuesday from 3pm to 5pm","matched":false},{"ruleName":"fuzzy-ranges","input":"next tuesday from 3pm to 5pm","matched":false},{"ruleName":"fuzzy-ranges","input":"next tuesday from 3pm to 5pm","matched":false},{"ruleName":"fuzzy-ranges","input":"next tuesday from 3pm to 5pm","matched":false},{"ruleName":"fuzzy-ranges","input":"next tuesday from 3pm to 5pm","matched":false},{"ruleName":"fuzzy-ranges","input":"next tuesday from 3pm to 5pm","matched":false}]}}
{"timestamp":"2025-01-23T04:13:42.852Z","level":"debug","message":"Rule match component:","operationId":"no-op-id","context":{"ruleName":"time-only","componentType":"time","span":{"start":18,"end":22},"confidence":1,"value":"2024-03-14T22:00:00.000Z"}}
{"timestamp":"2025-01-23T04:13:42.852Z","level":"debug","message":"Parsing time string","operationId":"no-op-id","context":{"timeStr":"10pm","options":{"allow12Hour":true}}}
{"timestamp":"2025-01-23T04:13:42.852Z","level":"debug","message":"Parsing time string","operationId":"no-op-id","context":{"timeStr":"2am","options":{"allow12Hour":true}}}
{"timestamp":"2025-01-23T04:13:42.855Z","level":"debug","message":"Rule match component:","operationId":"no-op-id","context":{"ruleName":"time-ranges","componentType":"range","span":{"start":13,"end":29},"confidence":1,"value":{"start":"2024-03-14T22:00:00.000+08:00","end":"2024-03-15T02:00:59.999+08:00"}}}
{"timestamp":"2025-01-23T04:13:42.856Z","level":"debug","message":"Rule match component:","operationId":"no-op-id","context":{"ruleName":"relative-days","componentType":"date","span":{"start":0,"end":12},"confidence":1,"value":"2024-03-19T12:00:00.000Z"}}
{"timestamp":"2025-01-23T04:13:42.858Z","level":"debug","message":"Rule match component:","operationId":"no-op-id","context":{"ruleName":"time-only","componentType":"time","span":{"start":18,"end":21},"confidence":1,"value":"2024-03-14T15:00:00.000Z"}}
{"timestamp":"2025-01-23T04:13:42.858Z","level":"debug","message":"Parsing time string","operationId":"no-op-id","context":{"timeStr":"3pm","options":{"allow12Hour":true}}}
{"timestamp":"2025-01-23T04:13:42.858Z","level":"debug","message":"Parsing time string","operationId":"no-op-id","context":{"timeStr":"5pm","options":{"allow12Hour":true}}}
{"timestamp":"2025-01-23T04:13:42.859Z","level":"debug","message":"Rule match component:","operationId":"no-op-id","context":{"ruleName":"time-ranges","componentType":"range","span":{"start":13,"end":28},"confidence":1,"value":{"start":"2024-03-14T15:00:00.000-04:00","end":"2024-03-14T17:00:59.999-04:00"}}}
{"timestamp":"2025-01-23T04:13:42.859Z","level":"debug","message":"Rule match component:","operationId":"no-op-id","context":{"ruleName":"relative-days","componentType":"date","span":{"start":0,"end":12},"confidence":1,"value":"2024-03-19T08:00:00.000-04:00"}}
{"timestamp":"2025-01-23T04:13:42.860Z","level":"debug","message":"Parsing time string","operationId":"no-op-id","context":{"timeStr":"3pm","options":{"allow12Hour":true}}}
{"timestamp":"2025-01-23T04:13:42.860Z","level":"debug","message":"Parsing time string","operationId":"no-op-id","context":{"timeStr":"5pm","options":{"allow12Hour":true}}}
{"timestamp":"2025-01-23T04:13:42.861Z","level":"debug","message":"Rule match component:","operationId":"no-op-id","context":{"ruleName":"time-ranges","componentType":"range","span":{"start":0,"end":15},"confidence":1,"value":{"start":"2024-03-14T15:00:00.000+08:00","end":"2024-03-14T17:00:59.999+08:00"}}}
{"timestamp":"2025-01-23T04:13:42.861Z","level":"debug","message":"Rule match component:","operationId":"no-op-id","context":{"ruleName":"time-only","componentType":"time","span":{"start":9,"end":16},"confidence":1,"value":"2024-03-14T15:00:00.000Z"}}
{"timestamp":"2025-01-23T04:13:42.861Z","level":"debug","message":"Rule match component:","operationId":"no-op-id","context":{"ruleName":"relative-days","componentType":"date","span":{"start":0,"end":8},"confidence":1,"value":"2024-03-15T08:00:00.000-04:00"}}
{"timestamp":"2025-01-23T04:13:42.862Z","level":"debug","message":"Rule match component:","operationId":"no-op-id","context":{"ruleName":"time-only","componentType":"time","span":{"start":12,"end":22},"confidence":1,"value":"2024-03-14T15:30:00.000Z"}}
{"timestamp":"2025-01-23T04:13:42.862Z","level":"debug","message":"Rule match component:","operationId":"no-op-id","context":{"ruleName":"relative-days","componentType":"date","span":{"start":0,"end":11},"confidence":1,"value":"2024-03-18T08:00:00.000-04:00"}}
{"timestamp":"2025-01-23T04:13:42.863Z","level":"debug","message":"Rule match component:","operationId":"no-op-id","context":{"ruleName":"time-only","componentType":"time","span":{"start":9,"end":16},"confidence":1,"value":"2024-03-14T12:00:00.000Z"}}
{"timestamp":"2025-01-23T04:13:42.863Z","level":"debug","message":"Rule match component:","operationId":"no-op-id","context":{"ruleName":"relative-days","componentType":"date","span":{"start":0,"end":8},"confidence":1,"value":"2024-03-15T08:00:00.000-04:00"}}
{"timestamp":"2025-01-23T04:13:42.864Z","level":"debug","message":"Rule match component:","operationId":"no-op-id","context":{"ruleName":"fuzzy-ranges","componentType":"range","span":{"start":0,"end":23},"confidence":1,"value":{"start":"2024-04-01T00:00:00.000Z","end":"2024-04-10T23:59:59.999Z"}}}
{"timestamp":"2025-01-23T04:13:42.865Z","level":"debug","message":"Rule match component:","operationId":"no-op-id","context":{"ruleName":"time-only","componentType":"time","span":{"start":0,"end":4},"confidence":1,"value":"2024-03-14T15:00:00.000Z"}}
{"timestamp":"2025-01-23T04:13:42.865Z","level":"debug","message":"Rule match component:","operationId":"no-op-id","context":{"ruleName":"time-only","componentType":"time","span":{"start":0,"end":4},"confidence":1,"value":"2024-03-14T02:00:00.000Z"}}
{"timestamp":"2025-01-23T04:13:42.866Z","level":"debug","message":"Rule match component:","operationId":"no-op-id","context":{"ruleName":"time-only","componentType":"time","span":{"start":0,"end":4},"confidence":1,"value":"2024-03-09T15:00:00.000Z"}}
{"timestamp":"2025-01-23T04:13:42.866Z","level":"debug","message":"Rule match component:","operationId":"no-op-id","context":{"ruleName":"time-only","componentType":"time","span":{"start":0,"end":4},"confidence":1,"value":"2024-03-10T15:00:00.000Z"}}
{"timestamp":"2025-01-23T04:13:42.867Z","level":"debug","message":"Rule match component:","operationId":"no-op-id","context":{"ruleName":"time-of-day","componentType":"range","span":{"start":9,"end":16},"confidence":1,"value":{"start":"2024-03-14T06:00:00.000Z","end":"2024-03-14T12:00:00.000Z"}}}
{"timestamp":"2025-01-23T04:13:42.867Z","level":"debug","message":"Rule match component:","operationId":"no-op-id","context":{"ruleName":"relative-days","componentType":"date","span":{"start":0,"end":8},"confidence":1,"value":"2024-03-15T12:00:00.000Z"}}
{"timestamp":"2025-01-23T04:13:42.868Z","level":"debug","message":"Rule match component:","operationId":"no-op-id","context":{"ruleName":"time-of-day","componentType":"range","span":{"start":9,"end":22},"confidence":1,"value":{"start":"2024-03-14T06:00:00.000Z","end":"2024-03-14T08:00:00.000Z"}}}
{"timestamp":"2025-01-23T04:13:42.871Z","level":"debug","message":"Rule match component:","operationId":"no-op-id","context":{"ruleName":"relative-days","componentType":"date","span":{"start":0,"end":8},"confidence":1,"value":"2024-03-15T12:00:00.000Z"}}
{"timestamp":"2025-01-23T04:13:42.872Z","level":"debug","message":"Rule match component:","operationId":"no-op-id","context":{"ruleName":"time-of-day","componentType":"range","span":{"start":9,"end":22},"confidence":1,"value":{"start":"2024-03-14T14:00:00.000Z","end":"2024-03-14T15:00:00.000Z"}}}
{"timestamp":"2025-01-23T04:13:42.872Z","level":"debug","message":"Rule match component:","operationId":"no-op-id","context":{"ruleName":"relative-days","componentType":"date","span":{"start":0,"end":8},"confidence":1,"value":"2024-03-15T12:00:00.000Z"}}
{"timestamp":"2025-01-23T04:13:42.873Z","level":"debug","message":"Rule match component:","operationId":"no-op-id","context":{"ruleName":"time-of-day","componentType":"range","span":{"start":9,"end":21},"confidence":1,"value":{"start":"2024-03-14T19:00:00.000Z","end":"2024-03-14T21:00:00.000Z"}}}
{"timestamp":"2025-01-23T04:13:42.873Z","level":"debug","message":"Rule match component:","operationId":"no-op-id","context":{"ruleName":"relative-days","componentType":"date","span":{"start":0,"end":8},"confidence":1,"value":"2024-03-15T12:00:00.000Z"}}
{"timestamp":"2025-01-23T04:13:42.873Z","level":"debug","message":"Rule match attempt","operationId":"no-op-id","context":{"ruleName":"absolute-dates","input":"tomorrow morning at 9am","matched":false}}
{"timestamp":"2025-01-23T04:13:42.874Z","level":"debug","message":"Rule match attempt","operationId":"no-op-id","context":{"ruleName":"absolute-dates","input":"tomorrow morning at 9am","matched":false}}
{"timestamp":"2025-01-23T04:13:42.874Z","level":"debug","message":"Rule match attempt","operationId":"no-op-id","context":{"ruleName":"absolute-dates","input":"tomorrow morning at 9am","matched":false}}
{"timestamp":"2025-01-23T04:13:42.874Z","level":"debug","message":"Rule match attempt","operationId":"no-op-id","context":{"ruleName":"date-only","input":"tomorrow morning at 9am","matched":false}}
{"timestamp":"2025-01-23T04:13:42.874Z","level":"debug","message":"Rule match attempt","operationId":"no-op-id","context":{"ruleName":"time-only","input":"tomorrow morning at 9am","matched":false}}
{"timestamp":"2025-01-23T04:13:42.874Z","level":"debug","message":"Rule match attempt","operationId":"no-op-id","context":{"ruleName":"time-only","input":" at 9am","matched":true}}
{"timestamp":"2025-01-23T04:13:42.875Z","level":"debug","message":"Rule match component:","operationId":"no-op-id","context":{"ruleName":"time-only","componentType":"time","span":{"start":17,"end":23},"confidence":1,"value":"2024-03-14T09:00:00.000Z"}}
{"timestamp":"2025-01-23T04:13:42.875Z","level":"debug","message":"Rule match attempt","operationId":"no-op-id","context":{"ruleName":"time-only","input":"tomorrow morning at 9am","matched":false}}
{"timestamp":"2025-01-23T04:13:42.875Z","level":"debug","message":"Rule match attempt","operationId":"no-op-id","context":{"ruleName":"time-only","input":"tomorrow morning at 9am","matched":false}}
{"timestamp":"2025-01-23T04:13:42.876Z","level":"debug","message":"Rule match attempt","operationId":"no-op-id","context":{"ruleName":"time-ranges","input":"tomorrow morning at 9am","matched":false}}
{"timestamp":"2025-01-23T04:13:42.876Z","level":"debug","message":"Rule match attempt","operationId":"no-op-id","context":{"ruleName":"time-ranges","input":"tomorrow morning at 9am","matched":false}}
{"timestamp":"2025-01-23T04:13:42.876Z","level":"debug","message":"Rule match attempt","operationId":"no-op-id","context":{"ruleName":"time-of-day","input":"morning","matched":true}}
{"timestamp":"2025-01-23T04:13:42.876Z","level":"debug","message":"Rule match component:","operationId":"no-op-id","context":{"ruleName":"time-of-day","componentType":"range","span":{"start":9,"end":16},"confidence":1,"value":{"start":"2024-03-14T06:00:00.000Z","end":"2024-03-14T12:00:00.000Z"}}}
{"timestamp":"2025-01-23T04:13:42.876Z","level":"debug","message":"Rule match attempt","operationId":"no-op-id","context":{"ruleName":"relative-days","input":"tomorrow morning at 9am","matched":false}}
{"timestamp":"2025-01-23T04:13:42.877Z","level":"debug","message":"Rule match attempt","operationId":"no-op-id","context":{"ruleName":"relative-days","input":"tomorrow ","matched":true}}
{"timestamp":"2025-01-23T04:13:42.877Z","level":"debug","message":"Rule match component:","operationId":"no-op-id","context":{"ruleName":"relative-days","componentType":"date","span":{"start":0,"end":8},"confidence":1,"value":"2024-03-15T12:00:00.000Z"}}
{"timestamp":"2025-01-23T04:13:42.877Z","level":"debug","message":"Rule match attempt","operationId":"no-op-id","context":{"ruleName":"relative-days","input":"tomorrow morning at 9am","matched":false}}
{"timestamp":"2025-01-23T04:13:42.877Z","level":"debug","message":"Rule match attempt","operationId":"no-op-id","context":{"ruleName":"relative-days","input":"tomorrow morning at 9am","matched":false}}
{"timestamp":"2025-01-23T04:13:42.878Z","level":"debug","message":"Rule match attempt","operationId":"no-op-id","context":{"ruleName":"relative-days","input":"tomorrow morning at 9am","matched":false}}
{"timestamp":"2025-01-23T04:13:42.878Z","level":"debug","message":"Rule match attempt","operationId":"no-op-id","context":{"ruleName":"relative-days","input":"tomorrow morning at 9am","matched":false}}
{"timestamp":"2025-01-23T04:13:42.878Z","level":"debug","message":"Rule match attempt","operationId":"no-op-id","context":{"ruleName":"relative-days","input":"tomorrow morning at 9am","matched":false}}
{"timestamp":"2025-01-23T04:13:42.878Z","level":"debug","message":"Rule match attempt","operationId":"no-op-id","context":{"ruleName":"relative-days","input":"tomorrow morning at 9am","matched":false}}
{"timestamp":"2025-01-23T04:13:42.878Z","level":"debug","message":"Rule match attempt","operationId":"no-op-id","context":{"ruleName":"relative-days","input":"tomorrow morning at 9am","matched":false}}
{"timestamp":"2025-01-23T04:13:42.879Z","level":"debug","message":"Rule match attempt","operationId":"no-op-id","context":{"ruleName":"ordinal-days","input":"tomorrow morning at 9am","matched":false}}
{"timestamp":"2025-01-23T04:13:42.879Z","level":"debug","message":"Rule match attempt","operationId":"no-op-id","context":{"ruleName":"ordinal-days","input":"tomorrow morning at 9am","matched":false}}
{"timestamp":"2025-01-23T04:13:42.879Z","level":"debug","message":"Rule match attempt","operationId":"no-op-id","context":{"ruleName":"partial-month","input":"tomorrow morning at 9am","matched":false}}
{"timestamp":"2025-01-23T04:13:42.879Z","level":"debug","message":"Rule match attempt","operationId":"no-op-id","context":{"ruleName":"ordinal-weeks","input":"tomorrow morning at 9am","matched":false}}
{"timestamp":"2025-01-23T04:13:42.879Z","level":"debug","message":"Rule match attempt","operationId":"no-op-id","context":{"ruleName":"relative-weeks","input":"tomorrow morning at 9am","matched":false}}
{"timestamp":"2025-01-23T04:13:42.883Z","level":"debug","message":"Rule match attempt","operationId":"no-op-id","context":{"ruleName":"relative-weeks","input":"tomorrow morning at 9am","matched":false}}
{"timestamp":"2025-01-23T04:13:42.883Z","level":"debug","message":"Rule match attempt","operationId":"no-op-id","context":{"ruleName":"relative-weeks","input":"tomorrow morning at 9am","matched":false}}
{"timestamp":"2025-01-23T04:13:42.883Z","level":"debug","message":"Rule match attempt","operationId":"no-op-id","context":{"ruleName":"relative-weeks","input":"tomorrow morning at 9am","matched":false}}
{"timestamp":"2025-01-23T04:13:42.884Z","level":"debug","message":"Rule match attempt","operationId":"no-op-id","context":{"ruleName":"fuzzy-ranges","input":"tomorrow morning at 9am","matched":false}}
{"timestamp":"2025-01-23T04:13:42.884Z","level":"debug","message":"Rule match attempt","operationId":"no-op-id","context":{"ruleName":"fuzzy-ranges","input":"tomorrow morning at 9am","matched":false}}
{"timestamp":"2025-01-23T04:13:42.884Z","level":"debug","message":"Rule match attempt","operationId":"no-op-id","context":{"ruleName":"fuzzy-ranges","input":"tomorrow morning at 9am","matched":false}}
{"timestamp":"2025-01-23T04:13:42.884Z","level":"debug","message":"Rule match attempt","operationId":"no-op-id","context":{"ruleName":"fuzzy-ranges","input":"tomorrow morning at 9am","matched":false}}
{"timestamp":"2025-01-23T04:13:42.884Z","level":"debug","message":"Rule match attempt","operationId":"no-op-id","context":{"ruleName":"fuzzy-ranges","input":"tomorrow morning at 9am","matched":false}}
{"timestamp":"2025-01-23T04:13:42.885Z","level":"debug","message":"Rule match attempt","operationId":"no-op-id","context":{"ruleName":"fuzzy-ranges","input":"tomorrow morning at 9am","matched":false}}
{"timestamp":"2025-01-23T04:13:42.885Z","level":"debug","message":"Rule match attempt","operationId":"no-op-id","context":{"ruleName":"fuzzy-ranges","input":"tomorrow morning at 9am","matched":false}}
{"timestamp":"2025-01-23T04:13:42.885Z","level":"debug","message":"Parse complete","operationId":"no-op-id","context":{"input":"tomorrow morning at 9am","matchAttempts":[{"ruleName":"absolute-dates","input":"tomorrow morning at 9am","matched":false},{"ruleName":"absolute-dates","input":"tomorrow morning at 9am","matched":false},{"ruleName":"absolute-dates","input":"tomorrow morning at 9am","matched":false},{"ruleName":"date-only","input":"tomorrow morning at 9am","matched":false},{"ruleName":"time-only","input":"tomorrow morning at 9am","matched":false},{"ruleName":"time-only","input":" at 9am","matched":true},{"ruleName":"time-only","input":"tomorrow morning at 9am","matched":false},{"ruleName":"time-only","input":"tomorrow morning at 9am","matched":false},{"ruleName":"time-ranges","input":"tomorrow morning at 9am","matched":false},{"ruleName":"time-ranges","input":"tomorrow morning at 9am","matched":false},{"ruleName":"time-of-day","input":"morning","matched":true},{"ruleName":"relative-days","input":"tomorrow morning at 9am","matched":false},{"ruleName":"relative-days","input":"tomorrow ","matched":true},{"ruleName":"relative-days","input":"tomorrow morning at 9am","matched":false},{"ruleName":"relative-days","input":"tomorrow morning at 9am","matched":false},{"ruleName":"relative-days","input":"tomorrow morning at 9am","matched":false},{"ruleName":"relative-days","input":"tomorrow morning at 9am","matched":false},{"ruleName":"relative-days","input":"tomorrow morning at 9am","matched":false},{"ruleName":"relative-days","input":"tomorrow morning at 9am","matched":false},{"ruleName":"relative-days","input":"tomorrow morning at 9am","matched":false},{"ruleName":"ordinal-days","input":"tomorrow morning at 9am","matched":false},{"ruleName":"ordinal-days","input":"tomorrow morning at 9am","matched":false},{"ruleName":"partial-month","input":"tomorrow morning at 9am","matched":false},{"ruleName":"ordinal-weeks","input":"tomorrow morning at 9am","matched":false},{"ruleName":"relative-weeks","input":"tomorrow morning at 9am","matched":false},{"ruleName":"relative-weeks","input":"tomorrow morning at 9am","matched":false},{"ruleName":"relative-weeks","input":"tomorrow morning at 9am","matched":false},{"ruleName":"relative-weeks","input":"tomorrow morning at 9am","matched":false},{"ruleName":"fuzzy-ranges","input":"tomorrow morning at 9am","matched":false},{"ruleName":"fuzzy-ranges","input":"tomorrow morning at 9am","matched":false},{"ruleName":"fuzzy-ranges","input":"tomorrow morning at 9am","matched":false},{"ruleName":"fuzzy-ranges","input":"tomorrow morning at 9am","matched":false},{"ruleName":"fuzzy-ranges","input":"tomorrow morning at 9am","matched":false},{"ruleName":"fuzzy-ranges","input":"tomorrow morning at 9am","matched":false},{"ruleName":"fuzzy-ranges","input":"tomorrow morning at 9am","matched":false}]}}
{"timestamp":"2025-01-23T04:13:42.886Z","level":"debug","message":"Rule match component:","operationId":"no-op-id","context":{"ruleName":"time-of-day","componentType":"range","span":{"start":9,"end":16},"confidence":1,"value":{"start":"2024-03-14T05:00:00.000Z","end":"2024-03-14T11:00:00.000Z"}}}
{"timestamp":"2025-01-23T04:13:42.886Z","level":"debug","message":"Rule match component:","operationId":"no-op-id","context":{"ruleName":"relative-days","componentType":"date","span":{"start":0,"end":8},"confidence":1,"value":"2024-03-15T12:00:00.000Z"}}
{"timestamp":"2025-01-23T04:13:42.886Z","level":"debug","message":"Rule match component:","operationId":"no-op-id","context":{"ruleName":"time-of-day","componentType":"range","span":{"start":9,"end":16},"confidence":1,"value":{"start":"2024-03-14T06:00:00.000-04:00","end":"2024-03-14T12:00:00.000-04:00"}}}
{"timestamp":"2025-01-23T04:13:42.887Z","level":"debug","message":"Rule match component:","operationId":"no-op-id","context":{"ruleName":"relative-days","componentType":"date","span":{"start":0,"end":8},"confidence":1,"value":"2024-03-15T08:00:00.000-04:00"}}
{"timestamp":"2025-01-23T04:13:42.887Z","level":"debug","message":"Rule match component:","operationId":"no-op-id","context":{"ruleName":"time-of-day","componentType":"range","span":{"start":9,"end":14},"confidence":1,"value":{"start":"2024-03-14T21:00:00.000Z","end":"2024-03-15T06:00:00.000Z"}}}
{"timestamp":"2025-01-23T04:13:42.887Z","level":"debug","message":"Rule match component:","operationId":"no-op-id","context":{"ruleName":"relative-days","componentType":"date","span":{"start":0,"end":8},"confidence":1,"value":"2024-03-15T12:00:00.000Z"}}
{"timestamp":"2025-01-23T04:13:43.179Z","level":"debug","message":"Parsing time string","operationId":"no-op-id","context":{"timeStr":"3:30 PM","options":{"allow12Hour":true}}}
{"timestamp":"2025-01-23T04:13:43.186Z","level":"debug","message":"Parsing time string","operationId":"no-op-id","context":{"timeStr":"5:00 PM","options":{"allow12Hour":true}}}
{"timestamp":"2025-01-23T04:13:43.188Z","level":"debug","message":"Parsing time string","operationId":"no-op-id","context":{"timeStr":"15:30","options":{"allow12Hour":true}}}
{"timestamp":"2025-01-23T04:13:43.191Z","level":"debug","message":"Parsing time string","operationId":"no-op-id","context":{"timeStr":"17:00","options":{"allow12Hour":true}}}
{"timestamp":"2025-01-23T04:13:43.192Z","level":"debug","message":"Parsing time string","operationId":"no-op-id","context":{"timeStr":"3:30 PM","options":{"allow12Hour":true}}}
{"timestamp":"2025-01-23T04:13:43.192Z","level":"debug","message":"Parsing time string","operationId":"no-op-id","context":{"timeStr":"5:00 PM","options":{"allow12Hour":true}}}
{"timestamp":"2025-01-23T04:13:43.193Z","level":"debug","message":"Parsing time string","operationId":"no-op-id","context":{"timeStr":"3:30 PM","options":{"allow12Hour":true}}}
{"timestamp":"2025-01-23T04:13:43.193Z","level":"debug","message":"Parsing time string","operationId":"no-op-id","context":{"timeStr":"5:00 PM","options":{"allow12Hour":true}}}
{"timestamp":"2025-01-23T04:13:43.194Z","level":"debug","message":"Parsing time string","operationId":"no-op-id","context":{"timeStr":"3 PM","options":{"allow12Hour":true}}}
{"timestamp":"2025-01-23T04:13:43.195Z","level":"debug","message":"Parsing time string","operationId":"no-op-id","context":{"timeStr":"5 PM","options":{"allow12Hour":true}}}
{"timestamp":"2025-01-23T04:13:43.196Z","level":"debug","message":"Parsing time string","operationId":"no-op-id","context":{"timeStr":"10:00 PM","options":{"allow12Hour":true}}}
{"timestamp":"2025-01-23T04:13:43.196Z","level":"debug","message":"Parsing time string","operationId":"no-op-id","context":{"timeStr":"2:00 AM","options":{"allow12Hour":true}}}
{"timestamp":"2025-01-23T04:13:43.198Z","level":"debug","message":"Parsing time string","operationId":"no-op-id","context":{"timeStr":"25:00","options":{"allow12Hour":true}}}
{"timestamp":"2025-01-23T04:13:43.198Z","level":"debug","message":"Parsing time string","operationId":"no-op-id","context":{"timeStr":"26:00","options":{"allow12Hour":true}}}
{"timestamp":"2025-01-23T04:13:43.198Z","level":"debug","message":"Parsing time string","operationId":"no-op-id","context":{"timeStr":"12:60","options":{"allow12Hour":true}}}
{"timestamp":"2025-01-23T04:13:43.198Z","level":"debug","message":"Parsing time string","operationId":"no-op-id","context":{"timeStr":"13:60","options":{"allow12Hour":true}}}
{"timestamp":"2025-01-23T04:13:43.199Z","level":"debug","message":"Parsing time string","operationId":"no-op-id","context":{"timeStr":"13:00 PM","options":{"allow12Hour":true}}}
{"timestamp":"2025-01-23T04:13:43.199Z","level":"debug","message":"Parsing time string","operationId":"no-op-id","context":{"timeStr":"14:00 PM","options":{"allow12Hour":true}}}
{"timestamp":"2025-01-23T04:13:43.194Z","level":"debug","message":"Parsing ordinal day","operationId":"no-op-id","context":{"matches":["1st of March","1","March",null]}}
{"timestamp":"2025-01-23T04:13:43.201Z","level":"debug","message":"Parsing ordinal day","operationId":"no-op-id","context":{"matches":["15th of March","15","March",null]}}
{"timestamp":"2025-01-23T04:13:43.202Z","level":"debug","message":"Parsing ordinal day","operationId":"no-op-id","context":{"matches":["23rd of March","23","March",null]}}
{"timestamp":"2025-01-23T04:13:43.205Z","level":"debug","message":"Parsing ordinal day","operationId":"no-op-id","context":{"matches":["31st of March","31","March",null]}}
{"timestamp":"2025-01-23T04:13:43.206Z","level":"debug","message":"Parsing ordinal day","operationId":"no-op-id","context":{"matches":["15th of March","15","March",null]}}
{"timestamp":"2025-01-23T04:13:43.207Z","level":"debug","message":"Parsing ordinal day","operationId":"no-op-id","context":{"matches":["first of March",null,"March",null]}}
{"timestamp":"2025-01-23T04:13:43.208Z","level":"debug","message":"Parsing ordinal day","operationId":"no-op-id","context":{"matches":["1st of March","1","March",null]}}
{"timestamp":"2025-01-23T04:13:43.208Z","level":"debug","message":"Parsing ordinal day","operationId":"no-op-id","context":{"matches":["second of March",null,"March",null]}}
{"timestamp":"2025-01-23T04:13:43.209Z","level":"debug","message":"Parsing ordinal day","operationId":"no-op-id","context":{"matches":["2nd of March","2","March",null]}}
{"timestamp":"2025-01-23T04:13:43.210Z","level":"debug","message":"Parsing ordinal day","operationId":"no-op-id","context":{"matches":["third of March",null,"March",null]}}
{"timestamp":"2025-01-23T04:13:43.211Z","level":"debug","message":"Parsing ordinal day","operationId":"no-op-id","context":{"matches":["3rd of March","3","March",null]}}
{"timestamp":"2025-01-23T04:13:43.211Z","level":"debug","message":"Parsing ordinal day","operationId":"no-op-id","context":{"matches":["fourth of March",null,"March",null]}}
{"timestamp":"2025-01-23T04:13:43.211Z","level":"debug","message":"Parsing ordinal day","operationId":"no-op-id","context":{"matches":["4th of March","4","March",null]}}
{"timestamp":"2025-01-23T04:13:43.212Z","level":"debug","message":"Parsing ordinal day","operationId":"no-op-id","context":{"matches":["1st of March","1","March",null]}}
{"timestamp":"2025-01-23T04:13:43.213Z","level":"debug","message":"Parsing ordinal day","operationId":"no-op-id","context":{"matches":["2nd of March","2","March",null]}}
{"timestamp":"2025-01-23T04:13:43.213Z","level":"debug","message":"Parsing ordinal day","operationId":"no-op-id","context":{"matches":["3rd of March","3","March",null]}}
{"timestamp":"2025-01-23T04:13:43.213Z","level":"debug","message":"Parsing ordinal day","operationId":"no-op-id","context":{"matches":["4th of March","4","March",null]}}
{"timestamp":"2025-01-23T04:13:43.214Z","level":"debug","message":"Parsing ordinal day","operationId":"no-op-id","context":{"matches":["5th of March","5","March",null]}}
{"timestamp":"2025-01-23T04:13:43.215Z","level":"debug","message":"Parsing ordinal day","operationId":"no-op-id","context":{"matches":["6th of March","6","March",null]}}
{"timestamp":"2025-01-23T04:13:43.216Z","level":"debug","message":"Parsing ordinal day","operationId":"no-op-id","context":{"matches":["7th of March","7","March",null]}}
{"timestamp":"2025-01-23T04:13:43.216Z","level":"debug","message":"Parsing ordinal day","operationId":"no-op-id","context":{"matches":["8th of March","8","March",null]}}
{"timestamp":"2025-01-23T04:13:43.217Z","level":"debug","message":"Parsing ordinal day","operationId":"no-op-id","context":{"matches":["9th of March","9","March",null]}}
{"timestamp":"2025-01-23T04:13:43.217Z","level":"debug","message":"Parsing ordinal day","operationId":"no-op-id","context":{"matches":["10th of March","10","March",null]}}
{"timestamp":"2025-01-23T04:13:43.217Z","level":"debug","message":"Parsing ordinal day","operationId":"no-op-id","context":{"matches":["11th of March","11","March",null]}}
{"timestamp":"2025-01-23T04:13:43.218Z","level":"debug","message":"Parsing ordinal day","operationId":"no-op-id","context":{"matches":["12th of March","12","March",null]}}
{"timestamp":"2025-01-23T04:13:43.218Z","level":"debug","message":"Parsing ordinal day","operationId":"no-op-id","context":{"matches":["13th of March","13","March",null]}}
{"timestamp":"2025-01-23T04:13:43.219Z","level":"debug","message":"Parsing ordinal day","operationId":"no-op-id","context":{"matches":["14th of March","14","March",null]}}
{"timestamp":"2025-01-23T04:13:43.219Z","level":"debug","message":"Parsing ordinal day","operationId":"no-op-id","context":{"matches":["15th of March","15","March",null]}}
{"timestamp":"2025-01-23T04:13:43.219Z","level":"debug","message":"Parsing ordinal day","operationId":"no-op-id","context":{"matches":["16th of March","16","March",null]}}
{"timestamp":"2025-01-23T04:13:43.220Z","level":"debug","message":"Parsing ordinal day","operationId":"no-op-id","context":{"matches":["17th of March","17","March",null]}}
{"timestamp":"2025-01-23T04:13:43.220Z","level":"debug","message":"Parsing ordinal day","operationId":"no-op-id","context":{"matches":["18th of March","18","March",null]}}
{"timestamp":"2025-01-23T04:13:43.220Z","level":"debug","message":"Parsing ordinal day","operationId":"no-op-id","context":{"matches":["19th of March","19","March",null]}}
{"timestamp":"2025-01-23T04:13:43.221Z","level":"debug","message":"Parsing ordinal day","operationId":"no-op-id","context":{"matches":["20th of March","20","March",null]}}
{"timestamp":"2025-01-23T04:13:43.221Z","level":"debug","message":"Parsing ordinal day","operationId":"no-op-id","context":{"matches":["21st of March","21","March",null]}}
{"timestamp":"2025-01-23T04:13:43.222Z","level":"debug","message":"Parsing ordinal day","operationId":"no-op-id","context":{"matches":["22nd of March","22","March",null]}}
{"timestamp":"2025-01-23T04:13:43.223Z","level":"debug","message":"Parsing ordinal day","operationId":"no-op-id","context":{"matches":["23rd of March","23","March",null]}}
{"timestamp":"2025-01-23T04:13:43.223Z","level":"debug","message":"Parsing ordinal day","operationId":"no-op-id","context":{"matches":["24th of March","24","March",null]}}
{"timestamp":"2025-01-23T04:13:43.224Z","level":"debug","message":"Parsing ordinal day","operationId":"no-op-id","context":{"matches":["25th of March","25","March",null]}}
{"timestamp":"2025-01-23T04:13:43.224Z","level":"debug","message":"Parsing ordinal day","operationId":"no-op-id","context":{"matches":["26th of March","26","March",null]}}
{"timestamp":"2025-01-23T04:13:43.224Z","level":"debug","message":"Parsing ordinal day","operationId":"no-op-id","context":{"matches":["27th of March","27","March",null]}}
{"timestamp":"2025-01-23T04:13:43.225Z","level":"debug","message":"Parsing ordinal day","operationId":"no-op-id","context":{"matches":["28th of March","28","March",null]}}
{"timestamp":"2025-01-23T04:13:43.225Z","level":"debug","message":"Parsing ordinal day","operationId":"no-op-id","context":{"matches":["29th of March","29","March",null]}}
{"timestamp":"2025-01-23T04:13:43.225Z","level":"debug","message":"Parsing ordinal day","operationId":"no-op-id","context":{"matches":["30th of March","30","March",null]}}
{"timestamp":"2025-01-23T04:13:43.226Z","level":"debug","message":"Parsing ordinal day","operationId":"no-op-id","context":{"matches":["31st of March","31","March",null]}}
{"timestamp":"2025-01-23T04:13:43.226Z","level":"debug","message":"Parsing ordinal day","operationId":"no-op-id","context":{"matches":["1st of March","1","March",null]}}
{"timestamp":"2025-01-23T04:13:43.227Z","level":"debug","message":"Parsing ordinal day","operationId":"no-op-id","context":{"matches":["15th of March","15","March",null]}}
{"timestamp":"2025-01-23T04:13:43.227Z","level":"debug","message":"Parsing ordinal day","operationId":"no-op-id","context":{"matches":["1st of March 2024","1","March","2024"]}}
{"timestamp":"2025-01-23T04:48:54.920Z","level":"debug","message":"Rule match component:","operationId":"no-op-id","context":{"ruleName":"time-only","componentType":"time","span":{"start":0,"end":7},"confidence":1,"value":"2024-03-14T15:30:00.000Z"}}
{"timestamp":"2025-01-23T04:48:54.921Z","level":"debug","message":"Parsing time string","operationId":"no-op-id","context":{"timeStr":"3:30 PM","options":{"allow12Hour":true}}}
{"timestamp":"2025-01-23T04:48:54.922Z","level":"debug","message":"Parsing time string","operationId":"no-op-id","context":{"timeStr":"5:00 PM","options":{"allow12Hour":true}}}
{"timestamp":"2025-01-23T04:48:54.922Z","level":"debug","message":"Rule match component:","operationId":"no-op-id","context":{"ruleName":"time-ranges","componentType":"range","span":{"start":0,"end":18},"confidence":1,"value":{"start":"2024-03-14T15:30:00.000+08:00","end":"2024-03-14T17:00:59.999+08:00"}}}
{"timestamp":"2025-01-23T04:48:57.648Z","level":"debug","message":"Rule match component:","operationId":"no-op-id","context":{"ruleName":"time-only","componentType":"time","span":{"start":0,"end":7},"confidence":1,"value":"2024-03-14T15:30:00.000Z"}}
{"timestamp":"2025-01-23T04:48:57.649Z","level":"debug","message":"Parsing time string","operationId":"no-op-id","context":{"timeStr":"3:30 PM","options":{"allow12Hour":true}}}
{"timestamp":"2025-01-23T04:48:57.649Z","level":"debug","message":"Parsing time string","operationId":"no-op-id","context":{"timeStr":"5:00 PM","options":{"allow12Hour":true}}}
{"timestamp":"2025-01-23T04:48:57.650Z","level":"debug","message":"Rule match component:","operationId":"no-op-id","context":{"ruleName":"time-ranges","componentType":"range","span":{"start":0,"end":18},"confidence":1,"value":{"start":"2024-03-14T15:30:00.000+08:00","end":"2024-03-14T17:00:59.999+08:00"}}}
{"timestamp":"2025-01-23T04:49:55.460Z","level":"debug","message":"Rule match component:","operationId":"no-op-id","context":{"ruleName":"time-only","componentType":"time","span":{"start":0,"end":7},"confidence":1,"value":"2024-03-14T15:30:00.000Z"}}
{"timestamp":"2025-01-23T04:49:55.462Z","level":"debug","message":"Parsing time string","operationId":"no-op-id","context":{"timeStr":"3:30 PM","options":{"allow12Hour":true}}}
{"timestamp":"2025-01-23T04:49:55.462Z","level":"debug","message":"Parsing time string","operationId":"no-op-id","context":{"timeStr":"5:00 PM","options":{"allow12Hour":true}}}
{"timestamp":"2025-01-23T04:49:55.463Z","level":"debug","message":"Rule match component:","operationId":"no-op-id","context":{"ruleName":"time-ranges","componentType":"range","span":{"start":0,"end":18},"confidence":1,"value":{"start":"2024-03-14T15:30:00.000+08:00","end":"2024-03-14T17:00:59.999+08:00"}}}
{"timestamp":"2025-01-23T04:50:13.547Z","level":"debug","message":"Rule match component:","operationId":"no-op-id","context":{"ruleName":"time-only","componentType":"time","span":{"start":0,"end":7},"confidence":1,"value":"2024-03-14T15:30:00.000Z"}}
{"timestamp":"2025-01-23T04:50:13.548Z","level":"debug","message":"Parsing time string","operationId":"no-op-id","context":{"timeStr":"3:30 PM","options":{"allow12Hour":true}}}
{"timestamp":"2025-01-23T04:50:13.548Z","level":"debug","message":"Parsing time string","operationId":"no-op-id","context":{"timeStr":"5:00 PM","options":{"allow12Hour":true}}}
{"timestamp":"2025-01-23T04:50:13.549Z","level":"debug","message":"Rule match component:","operationId":"no-op-id","context":{"ruleName":"time-ranges","componentType":"range","span":{"start":0,"end":18},"confidence":1,"value":{"start":"2024-03-14T15:30:00.000+08:00","end":"2024-03-14T17:00:59.999+08:00"}}}
{"timestamp":"2025-01-23T04:50:44.774Z","level":"debug","message":"Rule match component:","operationId":"no-op-id","context":{"ruleName":"time-only","componentType":"time","span":{"start":0,"end":7},"confidence":1,"value":"2024-03-14T15:30:00.000Z"}}
{"timestamp":"2025-01-23T04:50:44.776Z","level":"debug","message":"Parsing time string","operationId":"no-op-id","context":{"timeStr":"3:30 PM","options":{"allow12Hour":true}}}
{"timestamp":"2025-01-23T04:50:44.776Z","level":"debug","message":"Parsing time string","operationId":"no-op-id","context":{"timeStr":"5:00 PM","options":{"allow12Hour":true}}}
{"timestamp":"2025-01-23T04:50:44.777Z","level":"debug","message":"Rule match component:","operationId":"no-op-id","context":{"ruleName":"time-ranges","componentType":"range","span":{"start":0,"end":18},"confidence":1,"value":{"start":"2024-03-14T15:30:00.000+08:00","end":"2024-03-14T17:00:59.999+08:00"}}}
{"timestamp":"2025-01-23T04:51:09.223Z","level":"debug","message":"Rule match component:","operationId":"no-op-id","context":{"ruleName":"time-only","componentType":"time","span":{"start":0,"end":7},"confidence":1,"value":"2024-03-14T15:30:00.000Z"}}
{"timestamp":"2025-01-23T04:51:09.224Z","level":"debug","message":"Parsing time string","operationId":"no-op-id","context":{"timeStr":"3:30 PM","options":{"allow12Hour":true}}}
{"timestamp":"2025-01-23T04:51:09.224Z","level":"debug","message":"Parsing time string","operationId":"no-op-id","context":{"timeStr":"5:00 PM","options":{"allow12Hour":true}}}
{"timestamp":"2025-01-23T04:51:09.225Z","level":"debug","message":"Rule match component:","operationId":"no-op-id","context":{"ruleName":"time-ranges","componentType":"range","span":{"start":0,"end":18},"confidence":1,"value":{"start":"2024-03-14T15:30:00.000+08:00","end":"2024-03-14T17:00:59.999+08:00"}}}
{"timestamp":"2025-01-23T04:52:44.635Z","level":"debug","message":"Rule match component:","operationId":"no-op-id","context":{"ruleName":"time-only","componentType":"time","span":{"start":0,"end":7},"confidence":1,"value":"2024-03-14T15:30:00.000Z"}}
{"timestamp":"2025-01-23T04:52:44.636Z","level":"debug","message":"Parsing time string","operationId":"no-op-id","context":{"timeStr":"3:30 PM","options":{"allow12Hour":true}}}
{"timestamp":"2025-01-23T04:52:44.636Z","level":"debug","message":"Parsing time string","operationId":"no-op-id","context":{"timeStr":"5:00 PM","options":{"allow12Hour":true}}}
{"timestamp":"2025-01-23T04:52:44.637Z","level":"debug","message":"Rule match component:","operationId":"no-op-id","context":{"ruleName":"time-ranges","componentType":"range","span":{"start":0,"end":18},"confidence":1,"value":{"start":"2024-03-14T15:30:00.000+08:00","end":"2024-03-14T17:00:59.999+08:00"}}}
{"timestamp":"2025-01-23T04:52:45.897Z","level":"debug","message":"Rule match component:","operationId":"no-op-id","context":{"ruleName":"time-only","componentType":"time","span":{"start":0,"end":7},"confidence":1,"value":"2024-03-14T15:30:00.000Z"}}
{"timestamp":"2025-01-23T04:52:45.898Z","level":"debug","message":"Parsing time string","operationId":"no-op-id","context":{"timeStr":"3:30 PM","options":{"allow12Hour":true}}}
{"timestamp":"2025-01-23T04:52:45.899Z","level":"debug","message":"Parsing time string","operationId":"no-op-id","context":{"timeStr":"5:00 PM","options":{"allow12Hour":true}}}
{"timestamp":"2025-01-23T04:52:45.900Z","level":"debug","message":"Rule match component:","operationId":"no-op-id","context":{"ruleName":"time-ranges","componentType":"range","span":{"start":0,"end":18},"confidence":1,"value":{"start":"2024-03-14T15:30:00.000+08:00","end":"2024-03-14T17:00:59.999+08:00"}}}
{"timestamp":"2025-01-23T04:58:38.586Z","level":"debug","message":"Rule match component:","operationId":"no-op-id","context":{"ruleName":"time-only","componentType":"time","span":{"start":0,"end":7},"confidence":1,"value":"2024-03-14T15:30:00.000Z"}}
{"timestamp":"2025-01-23T04:58:38.588Z","level":"debug","message":"Parsing time string","operationId":"no-op-id","context":{"timeStr":"3:30 PM","options":{"allow12Hour":true}}}
{"timestamp":"2025-01-23T04:58:38.588Z","level":"debug","message":"Parsing time string","operationId":"no-op-id","context":{"timeStr":"5:00 PM","options":{"allow12Hour":true}}}
{"timestamp":"2025-01-23T04:58:38.588Z","level":"debug","message":"Rule match component:","operationId":"no-op-id","context":{"ruleName":"time-ranges","componentType":"range","span":{"start":0,"end":18},"confidence":1,"value":{"start":"2024-03-14T15:30:00.000Z","end":"2024-03-14T17:00:59.999Z"}}}
{"timestamp":"2025-01-23T04:58:38.607Z","level":"debug","message":"Rule match attempt","operationId":"no-op-id","context":{"ruleName":"absolute-dates","input":"next tuesday from 3pm to 5pm","matched":false}}
{"timestamp":"2025-01-23T04:58:38.607Z","level":"debug","message":"Rule match attempt","operationId":"no-op-id","context":{"ruleName":"absolute-dates","input":"next tuesday from 3pm to 5pm","matched":false}}
{"timestamp":"2025-01-23T04:58:38.607Z","level":"debug","message":"Rule match attempt","operationId":"no-op-id","context":{"ruleName":"absolute-dates","input":"next tuesday from 3pm to 5pm","matched":false}}
{"timestamp":"2025-01-23T04:58:38.607Z","level":"debug","message":"Rule match attempt","operationId":"no-op-id","context":{"ruleName":"date-only","input":"next tuesday from 3pm to 5pm","matched":false}}
{"timestamp":"2025-01-23T04:58:38.607Z","level":"debug","message":"Rule match attempt","operationId":"no-op-id","context":{"ruleName":"time-only","input":"next tuesday from 3pm to 5pm","matched":false}}
{"timestamp":"2025-01-23T04:58:38.608Z","level":"debug","message":"Rule match attempt","operationId":"no-op-id","context":{"ruleName":"time-only","input":" 3pm ","matched":true}}
{"timestamp":"2025-01-23T04:58:38.608Z","level":"debug","message":"Rule match component:","operationId":"no-op-id","context":{"ruleName":"time-only","componentType":"time","span":{"start":18,"end":21},"confidence":1,"value":"2024-03-14T15:00:00.000Z"}}
{"timestamp":"2025-01-23T04:58:38.608Z","level":"debug","message":"Rule match attempt","operationId":"no-op-id","context":{"ruleName":"time-only","input":"next tuesday from 3pm to 5pm","matched":false}}
{"timestamp":"2025-01-23T04:58:38.608Z","level":"debug","message":"Rule match attempt","operationId":"no-op-id","context":{"ruleName":"time-only","input":"next tuesday from 3pm to 5pm","matched":false}}
{"timestamp":"2025-01-23T04:58:38.608Z","level":"debug","message":"Rule match attempt","operationId":"no-op-id","context":{"ruleName":"time-ranges","input":"from 3pm to 5pm","matched":true}}
{"timestamp":"2025-01-23T04:58:38.608Z","level":"debug","message":"Parsing time string","operationId":"no-op-id","context":{"timeStr":"3pm","options":{"allow12Hour":true}}}
{"timestamp":"2025-01-23T04:58:38.608Z","level":"debug","message":"Parsing time string","operationId":"no-op-id","context":{"timeStr":"5pm","options":{"allow12Hour":true}}}
{"timestamp":"2025-01-23T04:58:38.609Z","level":"debug","message":"Rule match component:","operationId":"no-op-id","context":{"ruleName":"time-ranges","componentType":"range","span":{"start":13,"end":28},"confidence":1,"value":{"start":"2024-03-14T15:00:00.000Z","end":"2024-03-14T17:00:59.999Z"}}}
{"timestamp":"2025-01-23T04:58:38.609Z","level":"debug","message":"Rule match attempt","operationId":"no-op-id","context":{"ruleName":"time-ranges","input":"next tuesday from 3pm to 5pm","matched":false}}
{"timestamp":"2025-01-23T04:58:38.609Z","level":"debug","message":"Rule match attempt","operationId":"no-op-id","context":{"ruleName":"time-of-day","input":"next tuesday from 3pm to 5pm","matched":false}}
{"timestamp":"2025-01-23T04:58:38.609Z","level":"debug","message":"Rule match attempt","operationId":"no-op-id","context":{"ruleName":"relative-days","input":"next tuesday from 3pm to 5pm","matched":false}}
{"timestamp":"2025-01-23T04:58:38.609Z","level":"debug","message":"Rule match attempt","operationId":"no-op-id","context":{"ruleName":"relative-days","input":"next tuesday from 3pm to 5pm","matched":false}}
{"timestamp":"2025-01-23T04:58:38.609Z","level":"debug","message":"Rule match attempt","operationId":"no-op-id","context":{"ruleName":"relative-days","input":"next tuesday from 3pm to 5pm","matched":false}}
{"timestamp":"2025-01-23T04:58:38.609Z","level":"debug","message":"Rule match attempt","operationId":"no-op-id","context":{"ruleName":"relative-days","input":"next tuesday from 3pm to 5pm","matched":false}}
{"timestamp":"2025-01-23T04:58:38.609Z","level":"debug","message":"Rule match attempt","operationId":"no-op-id","context":{"ruleName":"relative-days","input":"next tuesday from 3pm to 5pm","matched":false}}
{"timestamp":"2025-01-23T04:58:38.609Z","level":"debug","message":"Rule match attempt","operationId":"no-op-id","context":{"ruleName":"relative-days","input":"next tuesday from 3pm to 5pm","matched":false}}
{"timestamp":"2025-01-23T04:58:38.609Z","level":"debug","message":"Rule match attempt","operationId":"no-op-id","context":{"ruleName":"relative-days","input":"next tuesday from 3pm to 5pm","matched":false}}
{"timestamp":"2025-01-23T04:58:38.609Z","level":"debug","message":"Rule match attempt","operationId":"no-op-id","context":{"ruleName":"relative-days","input":"next tuesday from 3pm to 5pm","matched":false}}
{"timestamp":"2025-01-23T04:58:38.609Z","level":"debug","message":"Rule match attempt","operationId":"no-op-id","context":{"ruleName":"relative-days","input":"next tuesday ","matched":true}}
{"timestamp":"2025-01-23T04:58:38.610Z","level":"debug","message":"Rule match component:","operationId":"no-op-id","context":{"ruleName":"relative-days","componentType":"date","span":{"start":0,"end":12},"confidence":1,"value":"2024-03-19T12:00:00.000Z"}}
{"timestamp":"2025-01-23T04:58:38.611Z","level":"debug","message":"Rule match attempt","operationId":"no-op-id","context":{"ruleName":"ordinal-days","input":"next tuesday from 3pm to 5pm","matched":false}}
{"timestamp":"2025-01-23T04:58:38.611Z","level":"debug","message":"Rule match attempt","operationId":"no-op-id","context":{"ruleName":"ordinal-days","input":"next tuesday from 3pm to 5pm","matched":false}}
{"timestamp":"2025-01-23T04:58:38.611Z","level":"debug","message":"Rule match attempt","operationId":"no-op-id","context":{"ruleName":"partial-month","input":"next tuesday from 3pm to 5pm","matched":false}}
{"timestamp":"2025-01-23T04:58:38.611Z","level":"debug","message":"Rule match attempt","operationId":"no-op-id","context":{"ruleName":"ordinal-weeks","input":"next tuesday from 3pm to 5pm","matched":false}}
{"timestamp":"2025-01-23T04:58:38.611Z","level":"debug","message":"Rule match attempt","operationId":"no-op-id","context":{"ruleName":"relative-weeks","input":"next tuesday from 3pm to 5pm","matched":false}}
{"timestamp":"2025-01-23T04:58:38.611Z","level":"debug","message":"Rule match attempt","operationId":"no-op-id","context":{"ruleName":"relative-weeks","input":"next tuesday from 3pm to 5pm","matched":false}}
{"timestamp":"2025-01-23T04:58:38.611Z","level":"debug","message":"Rule match attempt","operationId":"no-op-id","context":{"ruleName":"relative-weeks","input":"next tuesday from 3pm to 5pm","matched":false}}
{"timestamp":"2025-01-23T04:58:38.611Z","level":"debug","message":"Rule match attempt","operationId":"no-op-id","context":{"ruleName":"relative-weeks","input":"next tuesday from 3pm to 5pm","matched":false}}
{"timestamp":"2025-01-23T04:58:38.611Z","level":"debug","message":"Rule match attempt","operationId":"no-op-id","context":{"ruleName":"fuzzy-ranges","input":"next tuesday from 3pm to 5pm","matched":false}}
{"timestamp":"2025-01-23T04:58:38.612Z","level":"debug","message":"Rule match attempt","operationId":"no-op-id","context":{"ruleName":"fuzzy-ranges","input":"next tuesday from 3pm to 5pm","matched":false}}
{"timestamp":"2025-01-23T04:58:38.612Z","level":"debug","message":"Rule match attempt","operationId":"no-op-id","context":{"ruleName":"fuzzy-ranges","input":"next tuesday from 3pm to 5pm","matched":false}}
{"timestamp":"2025-01-23T04:58:38.612Z","level":"debug","message":"Rule match attempt","operationId":"no-op-id","context":{"ruleName":"fuzzy-ranges","input":"next tuesday from 3pm to 5pm","matched":false}}
{"timestamp":"2025-01-23T04:58:38.612Z","level":"debug","message":"Rule match attempt","operationId":"no-op-id","context":{"ruleName":"fuzzy-ranges","input":"next tuesday from 3pm to 5pm","matched":false}}
{"timestamp":"2025-01-23T04:58:38.613Z","level":"debug","message":"Rule match attempt","operationId":"no-op-id","context":{"ruleName":"fuzzy-ranges","input":"next tuesday from 3pm to 5pm","matched":false}}
{"timestamp":"2025-01-23T04:58:38.613Z","level":"debug","message":"Rule match attempt","operationId":"no-op-id","context":{"ruleName":"fuzzy-ranges","input":"next tuesday from 3pm to 5pm","matched":false}}
{"timestamp":"2025-01-23T04:58:38.613Z","level":"debug","message":"Parse complete","operationId":"no-op-id","context":{"input":"next tuesday from 3pm to 5pm","matchAttempts":[{"ruleName":"absolute-dates","input":"next tuesday from 3pm to 5pm","matched":false},{"ruleName":"absolute-dates","input":"next tuesday from 3pm to 5pm","matched":false},{"ruleName":"absolute-dates","input":"next tuesday from 3pm to 5pm","matched":false},{"ruleName":"date-only","input":"next tuesday from 3pm to 5pm","matched":false},{"ruleName":"time-only","input":"next tuesday from 3pm to 5pm","matched":false},{"ruleName":"time-only","input":" 3pm ","matched":true},{"ruleName":"time-only","input":"next tuesday from 3pm to 5pm","matched":false},{"ruleName":"time-only","input":"next tuesday from 3pm to 5pm","matched":false},{"ruleName":"time-ranges","input":"from 3pm to 5pm","matched":true},{"ruleName":"time-ranges","input":"next tuesday from 3pm to 5pm","matched":false},{"ruleName":"time-of-day","input":"next tuesday from 3pm to 5pm","matched":false},{"ruleName":"relative-days","input":"next tuesday from 3pm to 5pm","matched":false},{"ruleName":"relative-days","input":"next tuesday from 3pm to 5pm","matched":false},{"ruleName":"relative-days","input":"next tuesday from 3pm to 5pm","matched":false},{"ruleName":"relative-days","input":"next tuesday from 3pm to 5pm","matched":false},{"ruleName":"relative-days","input":"next tuesday from 3pm to 5pm","matched":false},{"ruleName":"relative-days","input":"next tuesday from 3pm to 5pm","matched":false},{"ruleName":"relative-days","input":"next tuesday from 3pm to 5pm","matched":false},{"ruleName":"relative-days","input":"next tuesday from 3pm to 5pm","matched":false},{"ruleName":"relative-days","input":"next tuesday ","matched":true},{"ruleName":"ordinal-days","input":"next tuesday from 3pm to 5pm","matched":false},{"ruleName":"ordinal-days","input":"next tuesday from 3pm to 5pm","matched":false},{"ruleName":"partial-month","input":"next tuesday from 3pm to 5pm","matched":false},{"ruleName":"ordinal-weeks","input":"next tuesday from 3pm to 5pm","matched":false},{"ruleName":"relative-weeks","input":"next tuesday from 3pm to 5pm","matched":false},{"ruleName":"relative-weeks","input":"next tuesday from 3pm to 5pm","matched":false},{"ruleName":"relative-weeks","input":"next tuesday from 3pm to 5pm","matched":false},{"ruleName":"relative-weeks","input":"next tuesday from 3pm to 5pm","matched":false},{"ruleName":"fuzzy-ranges","input":"next tuesday from 3pm to 5pm","matched":false},{"ruleName":"fuzzy-ranges","input":"next tuesday from 3pm to 5pm","matched":false},{"ruleName":"fuzzy-ranges","input":"next tuesday from 3pm to 5pm","matched":false},{"ruleName":"fuzzy-ranges","input":"next tuesday from 3pm to 5pm","matched":false},{"ruleName":"fuzzy-ranges","input":"next tuesday from 3pm to 5pm","matched":false},{"ruleName":"fuzzy-ranges","input":"next tuesday from 3pm to 5pm","matched":false},{"ruleName":"fuzzy-ranges","input":"next tuesday from 3pm to 5pm","matched":false}]}}
{"timestamp":"2025-01-23T05:04:37.848Z","level":"debug","message":"Parsing time string","operationId":"no-op-id","context":{"timeStr":"3:30 PM","options":{"allow12Hour":true}}}
{"timestamp":"2025-01-23T05:04:37.849Z","level":"debug","message":"Parsing time string","operationId":"no-op-id","context":{"timeStr":"5:00 PM","options":{"allow12Hour":true}}}
{"timestamp":"2025-01-23T05:04:37.850Z","level":"debug","message":"Parsing time string","operationId":"no-op-id","context":{"timeStr":"3:30 PM","options":{"allow12Hour":true}}}
{"timestamp":"2025-01-23T05:04:37.850Z","level":"debug","message":"Parsing time string","operationId":"no-op-id","context":{"timeStr":"5:00 PM","options":{"allow12Hour":true}}}
{"timestamp":"2025-01-23T05:04:50.345Z","level":"debug","message":"Rule match component:","operationId":"no-op-id","context":{"ruleName":"time-only","componentType":"time","span":{"start":18,"end":21},"confidence":1,"value":"2024-03-14T15:00:00.000-04:00"}}
{"timestamp":"2025-01-23T05:04:50.346Z","level":"debug","message":"Parsing time string","operationId":"no-op-id","context":{"timeStr":"3pm","options":{"allow12Hour":true}}}
{"timestamp":"2025-01-23T05:04:50.346Z","level":"debug","message":"Parsing time string","operationId":"no-op-id","context":{"timeStr":"5pm","options":{"allow12Hour":true}}}
{"timestamp":"2025-01-23T05:04:50.347Z","level":"debug","message":"Rule match component:","operationId":"no-op-id","context":{"ruleName":"time-ranges","componentType":"range","span":{"start":13,"end":28},"confidence":1,"value":{"start":"2024-03-14T15:00:00.000-04:00","end":"2024-03-14T17:00:59.999-04:00"}}}
{"timestamp":"2025-01-23T05:04:50.348Z","level":"debug","message":"Rule match component:","operationId":"no-op-id","context":{"ruleName":"relative-days","componentType":"date","span":{"start":0,"end":12},"confidence":1,"value":"2024-03-19T08:00:00.000-04:00"}}
